<?xml version="1.0" encoding="UTF-8"?>
<!-- Generated by org.testng.reporters.JUnitReportReporter -->
<testsuite skipped="0" hostname="VEERAIAHKODE-PC" name="com.suryam.Buildtest.Way2SmsTest" tests="1" failures="0" timestamp="06 Mar 2019 02:19:01 GMT" time="4.544" errors="0">
  <testcase name="Login" time="4.544" classname="com.suryam.Buildtest.Way2SmsTest"/>
</testsuite> <!-- com.suryam.Buildtest.Way2SmsTest -->
